-------------------------------------------------------------------------------
Test set: TestSuite
-------------------------------------------------------------------------------
Tests run: 51, Failures: 1, Errors: 0, Skipped: 0, Time elapsed: 8.198 sec <<< FAILURE! - in TestSuite
testFindAllException on testFindAllException(se.nrm.dina.data.jpa.DinaDaoImplTest)(se.nrm.dina.data.jpa.DinaDaoImplTest)  Time elapsed: 0.026 sec  <<< FAILURE!
java.lang.NullPointerException: null
	at se.nrm.dina.data.jpa.DinaDaoImpl.createQuery(DinaDaoImpl.java:229)
	at se.nrm.dina.data.jpa.DinaDaoImplTest.testFindAllException(DinaDaoImplTest.java:117)

